<?xml version="1.0" encoding="UTF-8"?>
<!-- Generated by org.testng.reporters.JUnitXMLReporter -->
<testsuite hostname="DESKTOP-UOB3TTQ" ignored="0" name="Command line test" tests="12" failures="0" timestamp="03 Jun 2018 11:47:56 GMT" time="228.105" errors="0">
  <testcase name="validateCreateNewContact" time="5.258" classname="com.crm.qa.testcases.ContactsPageTest"/>
  <testcase name="validateCreateNewContact" time="4.441" classname="com.crm.qa.testcases.ContactsPageTest"/>
  <testcase name="validateCreateNewContact" time="4.773" classname="com.crm.qa.testcases.ContactsPageTest"/>
  <testcase name="verifyContactsPageLabel" time="6.107" classname="com.crm.qa.testcases.ContactsPageTest"/>
  <testcase name="verifySelectContactsByName" time="3.884" classname="com.crm.qa.testcases.ContactsPageTest"/>
  <testcase name="clickOnDealsLinkTest" time="0.192" classname="com.crm.qa.testcases.HomePageTest"/>
  <testcase name="clickOnTasksLink" time="0.168" classname="com.crm.qa.testcases.HomePageTest"/>
  <testcase name="verifyHomePageTitleTest" time="0.004" classname="com.crm.qa.testcases.HomePageTest"/>
  <testcase name="verifyUserNameTest" time="0.092" classname="com.crm.qa.testcases.HomePageTest"/>
  <testcase name="loginPageTitleTest" time="0.06" classname="com.crm.qa.testcases.LoginPageTest"/>
  <testcase name="loginPageCRMLogoTest" time="0.091" classname="com.crm.qa.testcases.LoginPageTest"/>
  <testcase name="verifyContactsLinkTest" time="2.322" classname="com.crm.qa.testcases.HomePageTest"/>
</testsuite> <!-- Command line test -->
